<?xml version="1.0" encoding="UTF-8"?>
<testng-results ignored="0" total="17" passed="16" failed="1" skipped="0">
  <reporter-output>
  </reporter-output>
  <suite started-at="2023-07-14T17:04:56 IST" name="Default suite" finished-at="2023-07-14T17:08:13 IST" duration-ms="197062">
    <groups>
    </groups>
    <test started-at="2023-07-14T17:04:56 IST" name="Default test" finished-at="2023-07-14T17:08:13 IST" duration-ms="197062">
      <class name="shahid.test">
        <test-method is-config="true" signature="Setup()[pri:0, instance:shahid.test@3bb9a3ff]" started-at="2023-07-14T17:04:56 IST" name="Setup" finished-at="2023-07-14T17:05:02 IST" duration-ms="5991" status="PASS">
          <reporter-output>
          </reporter-output>
        </test-method> <!-- Setup -->
        <test-method signature="Home()[pri:1, instance:shahid.test@3bb9a3ff]" started-at="2023-07-14T17:05:02 IST" name="Home" finished-at="2023-07-14T17:05:17 IST" duration-ms="14978" status="PASS">
          <reporter-output>
          </reporter-output>
        </test-method> <!-- Home -->
        <test-method signature="login()[pri:2, instance:shahid.test@3bb9a3ff]" started-at="2023-07-14T17:05:17 IST" name="login" finished-at="2023-07-14T17:05:40 IST" duration-ms="22742" status="PASS">
          <reporter-output>
          </reporter-output>
        </test-method> <!-- login -->
        <test-method signature="signin()[pri:3, instance:shahid.test@3bb9a3ff]" started-at="2023-07-14T17:05:40 IST" name="signin" finished-at="2023-07-14T17:05:46 IST" duration-ms="5697" status="PASS">
          <reporter-output>
          </reporter-output>
        </test-method> <!-- signin -->
        <test-method signature="subscription()[pri:4, instance:shahid.test@3bb9a3ff]" started-at="2023-07-14T17:05:46 IST" name="subscription" finished-at="2023-07-14T17:05:58 IST" duration-ms="12142" status="PASS">
          <reporter-output>
          </reporter-output>
        </test-method> <!-- subscription -->
        <test-method signature="subsmail()[pri:5, instance:shahid.test@3bb9a3ff]" started-at="2023-07-14T17:05:58 IST" name="subsmail" finished-at="2023-07-14T17:06:11 IST" duration-ms="12616" status="FAIL">
          <exception class="org.openqa.selenium.ElementNotInteractableException">
            <message>
              <![CDATA[element not interactable
  (Session info: chrome=114.0.5735.199)
Build info: version: '4.9.1', revision: 'eb2032df7f'
System info: os.name: 'Windows 11', os.arch: 'amd64', os.version: '10.0', java.version: '20.0.1'
Driver info: org.openqa.selenium.chrome.ChromeDriver
Command: [a821631eac37f278f0faaad3b4171358, clickElement {id=21C5381C8070E9792F323F451F547393_element_337}]
Capabilities {acceptInsecureCerts: false, browserName: chrome, browserVersion: 114.0.5735.199, chrome: {chromedriverVersion: 114.0.5735.90 (386bc09e8f4f..., userDataDir: C:\Users\shahi\AppData\Loca...}, goog:chromeOptions: {debuggerAddress: localhost:51129}, networkConnectionEnabled: false, pageLoadStrategy: normal, platformName: windows, proxy: Proxy(), se:cdp: ws://localhost:51129/devtoo..., se:cdpVersion: 114.0.5735.199, setWindowRect: true, strictFileInteractability: false, timeouts: {implicit: 0, pageLoad: 300000, script: 30000}, unhandledPromptBehavior: dismiss and notify, webauthn:extension:credBlob: true, webauthn:extension:largeBlob: true, webauthn:extension:minPinLength: true, webauthn:extension:prf: true, webauthn:virtualAuthenticators: true}
Element: [[ChromeDriver: chrome on windows (a821631eac37f278f0faaad3b4171358)] -> xpath: //*[@id="refreshbut"]/input]
Session ID: a821631eac37f278f0faaad3b4171358]]>
            </message>
            <full-stacktrace>
              <![CDATA[org.openqa.selenium.ElementNotInteractableException: element not interactable
  (Session info: chrome=114.0.5735.199)
Build info: version: '4.9.1', revision: 'eb2032df7f'
System info: os.name: 'Windows 11', os.arch: 'amd64', os.version: '10.0', java.version: '20.0.1'
Driver info: org.openqa.selenium.chrome.ChromeDriver
Command: [a821631eac37f278f0faaad3b4171358, clickElement {id=21C5381C8070E9792F323F451F547393_element_337}]
Capabilities {acceptInsecureCerts: false, browserName: chrome, browserVersion: 114.0.5735.199, chrome: {chromedriverVersion: 114.0.5735.90 (386bc09e8f4f..., userDataDir: C:\Users\shahi\AppData\Loca...}, goog:chromeOptions: {debuggerAddress: localhost:51129}, networkConnectionEnabled: false, pageLoadStrategy: normal, platformName: windows, proxy: Proxy(), se:cdp: ws://localhost:51129/devtoo..., se:cdpVersion: 114.0.5735.199, setWindowRect: true, strictFileInteractability: false, timeouts: {implicit: 0, pageLoad: 300000, script: 30000}, unhandledPromptBehavior: dismiss and notify, webauthn:extension:credBlob: true, webauthn:extension:largeBlob: true, webauthn:extension:minPinLength: true, webauthn:extension:prf: true, webauthn:virtualAuthenticators: true}
Element: [[ChromeDriver: chrome on windows (a821631eac37f278f0faaad3b4171358)] -> xpath: //*[@id="refreshbut"]/input]
Session ID: a821631eac37f278f0faaad3b4171358
at java.base/jdk.internal.reflect.DirectConstructorHandleAccessor.newInstance(DirectConstructorHandleAccessor.java:67)
at java.base/java.lang.reflect.Constructor.newInstanceWithCaller(Constructor.java:500)
at java.base/java.lang.reflect.Constructor.newInstance(Constructor.java:484)
at org.openqa.selenium.remote.codec.w3c.W3CHttpResponseCodec.createException(W3CHttpResponseCodec.java:200)
at org.openqa.selenium.remote.codec.w3c.W3CHttpResponseCodec.decode(W3CHttpResponseCodec.java:133)
at org.openqa.selenium.remote.codec.w3c.W3CHttpResponseCodec.decode(W3CHttpResponseCodec.java:53)
at org.openqa.selenium.remote.HttpCommandExecutor.execute(HttpCommandExecutor.java:193)
at org.openqa.selenium.remote.service.DriverCommandExecutor.invokeExecute(DriverCommandExecutor.java:183)
at org.openqa.selenium.remote.service.DriverCommandExecutor.execute(DriverCommandExecutor.java:158)
at org.openqa.selenium.remote.RemoteWebDriver.execute(RemoteWebDriver.java:543)
at org.openqa.selenium.remote.RemoteWebElement.execute(RemoteWebElement.java:257)
at org.openqa.selenium.remote.RemoteWebElement.click(RemoteWebElement.java:78)
at shahid.test.subsmail(test.java:75)
at java.base/jdk.internal.reflect.DirectMethodHandleAccessor.invoke(DirectMethodHandleAccessor.java:104)
at java.base/java.lang.reflect.Method.invoke(Method.java:578)
at org.testng.internal.MethodInvocationHelper.invokeMethod(MethodInvocationHelper.java:133)
at org.testng.internal.TestInvoker.invokeMethod(TestInvoker.java:598)
at org.testng.internal.TestInvoker.invokeTestMethod(TestInvoker.java:173)
at org.testng.internal.MethodRunner.runInSequence(MethodRunner.java:46)
at org.testng.internal.TestInvoker$MethodInvocationAgent.invoke(TestInvoker.java:824)
at org.testng.internal.TestInvoker.invokeTestMethods(TestInvoker.java:146)
at org.testng.internal.TestMethodWorker.invokeTestMethods(TestMethodWorker.java:146)
at org.testng.internal.TestMethodWorker.run(TestMethodWorker.java:128)
at java.base/java.util.ArrayList.forEach(ArrayList.java:1511)
at org.testng.TestRunner.privateRun(TestRunner.java:794)
at org.testng.TestRunner.run(TestRunner.java:596)
at org.testng.SuiteRunner.runTest(SuiteRunner.java:377)
at org.testng.SuiteRunner.runSequentially(SuiteRunner.java:371)
at org.testng.SuiteRunner.privateRun(SuiteRunner.java:332)
at org.testng.SuiteRunner.run(SuiteRunner.java:276)
at org.testng.SuiteRunnerWorker.runSuite(SuiteRunnerWorker.java:53)
at org.testng.SuiteRunnerWorker.run(SuiteRunnerWorker.java:96)
at org.testng.TestNG.runSuitesSequentially(TestNG.java:1212)
at org.testng.TestNG.runSuitesLocally(TestNG.java:1134)
at org.testng.TestNG.runSuites(TestNG.java:1063)
at org.testng.TestNG.run(TestNG.java:1031)
at org.testng.remote.AbstractRemoteTestNG.run(AbstractRemoteTestNG.java:115)
at org.testng.remote.RemoteTestNG.initAndRun(RemoteTestNG.java:251)
at org.testng.remote.RemoteTestNG.main(RemoteTestNG.java:77)
]]>
            </full-stacktrace>
          </exception> <!-- org.openqa.selenium.ElementNotInteractableException -->
          <reporter-output>
          </reporter-output>
        </test-method> <!-- subsmail -->
        <test-method signature="category()[pri:6, instance:shahid.test@3bb9a3ff]" started-at="2023-07-14T17:06:11 IST" name="category" finished-at="2023-07-14T17:06:25 IST" duration-ms="13999" status="PASS">
          <reporter-output>
          </reporter-output>
        </test-method> <!-- category -->
        <test-method signature="search()[pri:7, instance:shahid.test@3bb9a3ff]" started-at="2023-07-14T17:06:25 IST" name="search" finished-at="2023-07-14T17:06:32 IST" duration-ms="7131" status="PASS">
          <reporter-output>
          </reporter-output>
        </test-method> <!-- search -->
        <test-method signature="sort()[pri:8, instance:shahid.test@3bb9a3ff]" started-at="2023-07-14T17:06:32 IST" name="sort" finished-at="2023-07-14T17:06:37 IST" duration-ms="5750" status="PASS">
          <reporter-output>
          </reporter-output>
        </test-method> <!-- sort -->
        <test-method signature="filters()[pri:9, instance:shahid.test@3bb9a3ff]" started-at="2023-07-14T17:06:37 IST" name="filters" finished-at="2023-07-14T17:06:40 IST" duration-ms="2376" status="PASS">
          <reporter-output>
          </reporter-output>
        </test-method> <!-- filters -->
        <test-method signature="related_products()[pri:10, instance:shahid.test@3bb9a3ff]" started-at="2023-07-14T17:06:40 IST" name="related_products" finished-at="2023-07-14T17:06:42 IST" duration-ms="2352" status="PASS">
          <reporter-output>
          </reporter-output>
        </test-method> <!-- related_products -->
        <test-method signature="Upsell_products()[pri:11, instance:shahid.test@3bb9a3ff]" started-at="2023-07-14T17:06:42 IST" name="Upsell_products" finished-at="2023-07-14T17:06:44 IST" duration-ms="1331" status="PASS">
          <reporter-output>
          </reporter-output>
        </test-method> <!-- Upsell_products -->
        <test-method signature="produt()[pri:12, instance:shahid.test@3bb9a3ff]" started-at="2023-07-14T17:06:44 IST" name="produt" finished-at="2023-07-14T17:06:50 IST" duration-ms="6166" status="PASS">
          <reporter-output>
          </reporter-output>
        </test-method> <!-- produt -->
        <test-method signature="wishlist()[pri:13, instance:shahid.test@3bb9a3ff]" started-at="2023-07-14T17:06:50 IST" name="wishlist" finished-at="2023-07-14T17:07:12 IST" duration-ms="21844" status="PASS">
          <reporter-output>
          </reporter-output>
        </test-method> <!-- wishlist -->
        <test-method signature="minicart()[pri:14, instance:shahid.test@3bb9a3ff]" started-at="2023-07-14T17:07:12 IST" name="minicart" finished-at="2023-07-14T17:07:25 IST" duration-ms="13586" status="PASS">
          <reporter-output>
          </reporter-output>
        </test-method> <!-- minicart -->
        <test-method signature="checkout()[pri:15, instance:shahid.test@3bb9a3ff]" started-at="2023-07-14T17:07:25 IST" name="checkout" finished-at="2023-07-14T17:07:52 IST" duration-ms="26910" status="PASS">
          <reporter-output>
          </reporter-output>
        </test-method> <!-- checkout -->
        <test-method signature="defaultship()[pri:16, instance:shahid.test@3bb9a3ff]" started-at="2023-07-14T17:07:52 IST" name="defaultship" finished-at="2023-07-14T17:07:52 IST" duration-ms="270" status="PASS">
          <reporter-output>
          </reporter-output>
        </test-method> <!-- defaultship -->
        <test-method signature="payment()[pri:17, instance:shahid.test@3bb9a3ff]" started-at="2023-07-14T17:07:52 IST" name="payment" finished-at="2023-07-14T17:08:13 IST" duration-ms="20634" status="PASS">
          <reporter-output>
          </reporter-output>
        </test-method> <!-- payment -->
        <test-method is-config="true" signature="closer()[pri:0, instance:shahid.test@3bb9a3ff]" started-at="2023-07-14T17:08:13 IST" name="closer" finished-at="2023-07-14T17:08:13 IST" duration-ms="470" status="PASS">
          <reporter-output>
          </reporter-output>
        </test-method> <!-- closer -->
      </class> <!-- shahid.test -->
    </test> <!-- Default test -->
  </suite> <!-- Default suite -->
</testng-results>
